Flow report for finalProject2
Thu Dec 14 13:00:36 2017
Quartus II 64-Bit Version 15.0.0 Build 145 04/22/2015 SJ Web Edition


---------------------
; Table of Contents ;
---------------------
  1. Legal Notice
  2. Flow Summary
  3. Flow Settings
  4. Flow Non-Default Global Settings
  5. Flow Elapsed Time
  6. Flow OS Summary
  7. Flow Log
  8. Flow Messages
  9. Flow Suppressed Messages



----------------
; Legal Notice ;
----------------
Copyright (C) 1991-2015 Altera Corporation. All rights reserved.
Your use of Altera Corporation's design tools, logic functions 
and other software and tools, and its AMPP partner logic 
functions, and any output files from any of the foregoing 
(including device programming or simulation files), and any 
associated documentation or information are expressly subject 
to the terms and conditions of the Altera Program License 
Subscription Agreement, the Altera Quartus II License Agreement,
the Altera MegaCore Function License Agreement, or other 
applicable license agreement, including, without limitation, 
that your use is for the sole purpose of programming logic 
devices manufactured by Altera and sold by Altera or its 
authorized distributors.  Please refer to the applicable 
agreement for further details.



+---------------------------------------------------------------------------------+
; Flow Summary                                                                    ;
+------------------------------------+--------------------------------------------+
; Flow Status                        ; Successful - Thu Dec 14 13:00:32 2017      ;
; Quartus II 64-Bit Version          ; 15.0.0 Build 145 04/22/2015 SJ Web Edition ;
; Revision Name                      ; finalProject2                              ;
; Top-level Entity Name              ; lab8                                       ;
; Family                             ; Cyclone IV E                               ;
; Device                             ; EP4CE115F29C7                              ;
; Timing Models                      ; Final                                      ;
; Total logic elements               ; 4,287 / 114,480 ( 4 % )                    ;
;     Total combinational functions  ; 3,628 / 114,480 ( 3 % )                    ;
;     Dedicated logic registers      ; 2,329 / 114,480 ( 2 % )                    ;
; Total registers                    ; 2448                                       ;
; Total pins                         ; 128 / 529 ( 24 % )                         ;
; Total virtual pins                 ; 0                                          ;
; Total memory bits                  ; 1,271,912 / 3,981,312 ( 32 % )             ;
; Embedded Multiplier 9-bit elements ; 0 / 532 ( 0 % )                            ;
; Total PLLs                         ; 1 / 4 ( 25 % )                             ;
+------------------------------------+--------------------------------------------+


+-----------------------------------------+
; Flow Settings                           ;
+-------------------+---------------------+
; Option            ; Setting             ;
+-------------------+---------------------+
; Start date & time ; 12/14/2017 11:57:21 ;
; Main task         ; Compilation         ;
; Revision Name     ; finalProject2       ;
+-------------------+---------------------+


+-------------------------------------------------------------------------------------------------------------------------------------------------------+
; Flow Non-Default Global Settings                                                                                                                      ;
+-------------------------------------+--------------------------------------------------------------+---------------+-----------------+----------------+
; Assignment Name                     ; Value                                                        ; Default Value ; Entity Name     ; Section Id     ;
+-------------------------------------+--------------------------------------------------------------+---------------+-----------------+----------------+
; COMPILER_SIGNATURE_ID               ; 176527415530267.151327423702420                              ; --            ; --              ; --             ;
; EDA_OUTPUT_DATA_FORMAT              ; Systemverilog Hdl                                            ; --            ; --              ; eda_simulation ;
; EDA_SIMULATION_TOOL                 ; ModelSim-Altera (SystemVerilog)                              ; <None>        ; --              ; --             ;
; MAX_CORE_JUNCTION_TEMP              ; 85                                                           ; --            ; --              ; --             ;
; MIN_CORE_JUNCTION_TEMP              ; 0                                                            ; --            ; --              ; --             ;
; MISC_FILE                           ; final2_soc/synthesis/../final2_soc.cmp                       ; --            ; --              ; --             ;
; MISC_FILE                           ; final2_soc/synthesis/../../final2_soc.qsys                   ; --            ; --              ; --             ;
; NOMINAL_CORE_SUPPLY_VOLTAGE         ; 1.2V                                                         ; --            ; --              ; --             ;
; PARTITION_COLOR                     ; 16764057                                                     ; --            ; DE2_115_Default ; Top            ;
; PARTITION_COLOR                     ; 16764057                                                     ; --            ; lab8            ; Top            ;
; PARTITION_FITTER_PRESERVATION_LEVEL ; PLACEMENT_AND_ROUTING                                        ; --            ; DE2_115_Default ; Top            ;
; PARTITION_FITTER_PRESERVATION_LEVEL ; PLACEMENT_AND_ROUTING                                        ; --            ; lab8            ; Top            ;
; PARTITION_NETLIST_TYPE              ; SOURCE                                                       ; --            ; DE2_115_Default ; Top            ;
; PARTITION_NETLIST_TYPE              ; SOURCE                                                       ; --            ; lab8            ; Top            ;
; POWER_BOARD_THERMAL_MODEL           ; None (CONSERVATIVE)                                          ; --            ; --              ; --             ;
; POWER_PRESET_COOLING_SOLUTION       ; 23 MM HEAT SINK WITH 200 LFPM AIRFLOW                        ; --            ; --              ; --             ;
; PROJECT_OUTPUT_DIRECTORY            ; output_files                                                 ; --            ; --              ; --             ;
; SLD_FILE                            ; final2_soc/synthesis/final2_soc.regmap                       ; --            ; --              ; --             ;
; SLD_FILE                            ; final2_soc/synthesis/final2_soc.debuginfo                    ; --            ; --              ; --             ;
; SLD_INFO                            ; QSYS_NAME final2_soc HAS_SOPCINFO 1 GENERATION_ID 1512003615 ; --            ; final2_soc      ; --             ;
; SOPCINFO_FILE                       ; final2_soc/synthesis/../../final2_soc.sopcinfo               ; --            ; --              ; --             ;
; SYNTHESIS_ONLY_QIP                  ; On                                                           ; --            ; --              ; --             ;
; TOP_LEVEL_ENTITY                    ; lab8                                                         ; finalProject2 ; --              ; --             ;
+-------------------------------------+--------------------------------------------------------------+---------------+-----------------+----------------+


+-------------------------------------------------------------------------------------------------------------------------------+
; Flow Elapsed Time                                                                                                             ;
+---------------------------+--------------+-------------------------+---------------------+------------------------------------+
; Module Name               ; Elapsed Time ; Average Processors Used ; Peak Virtual Memory ; Total CPU Time (on all processors) ;
+---------------------------+--------------+-------------------------+---------------------+------------------------------------+
; Analysis & Synthesis      ; 00:15:22     ; 1.0                     ; 1042 MB             ; 00:10:21                           ;
; Fitter                    ; 00:02:42     ; 1.0                     ; 1305 MB             ; 00:00:47                           ;
; Assembler                 ; 00:00:22     ; 1.0                     ; 649 MB              ; 00:00:05                           ;
; TimeQuest Timing Analyzer ; 00:06:30     ; 1.0                     ; 850 MB              ; 00:00:06                           ;
; EDA Netlist Writer        ; 00:03:15     ; 1.0                     ; 673 MB              ; 00:00:08                           ;
; PowerPlay Power Analyzer  ; 00:00:27     ; 1.0                     ; 825 MB              ; 00:00:12                           ;
; Total                     ; 00:28:38     ; --                      ; --                  ; 00:11:39                           ;
+---------------------------+--------------+-------------------------+---------------------+------------------------------------+


+----------------------------------------------------------------------------------------+
; Flow OS Summary                                                                        ;
+---------------------------+------------------+-----------+------------+----------------+
; Module Name               ; Machine Hostname ; OS Name   ; OS Version ; Processor type ;
+---------------------------+------------------+-----------+------------+----------------+
; Analysis & Synthesis      ; ECEB-4072-14     ; Windows 7 ; 6.1        ; x86_64         ;
; Fitter                    ; ECEB-4072-14     ; Windows 7 ; 6.1        ; x86_64         ;
; Assembler                 ; ECEB-4072-14     ; Windows 7 ; 6.1        ; x86_64         ;
; TimeQuest Timing Analyzer ; ECEB-4072-14     ; Windows 7 ; 6.1        ; x86_64         ;
; EDA Netlist Writer        ; ECEB-4072-14     ; Windows 7 ; 6.1        ; x86_64         ;
; PowerPlay Power Analyzer  ; ECEB-4072-14     ; Windows 7 ; 6.1        ; x86_64         ;
+---------------------------+------------------+-----------+------------+----------------+


------------
; Flow Log ;
------------
quartus_map --read_settings_files=on --write_settings_files=off finalProject2 -c finalProject2
quartus_fit --read_settings_files=off --write_settings_files=off finalProject2 -c finalProject2
quartus_asm --read_settings_files=off --write_settings_files=off finalProject2 -c finalProject2
quartus_sta finalProject2 -c finalProject2
quartus_eda --read_settings_files=off --write_settings_files=off finalProject2 -c finalProject2
quartus_pow --read_settings_files=on --write_settings_files=off finalProject2 -c finalProject2



